[debug] [2020-12-18T22:45:14.765Z] ----------------------------------------------------------------------
[debug] [2020-12-18T22:45:14.767Z] Command:       C:\Program Files\nodejs\node.exe C:\Users\Huski\AppData\Roaming\npm\node_modules\firebase-tools\lib\bin\firebase.js init
[debug] [2020-12-18T22:45:14.767Z] CLI Version:   9.0.1
[debug] [2020-12-18T22:45:14.767Z] Platform:      win32
[debug] [2020-12-18T22:45:14.767Z] Node Version:  v12.18.3
[debug] [2020-12-18T22:45:14.768Z] Time:          Fri Dec 18 2020 17:45:14 GMT-0500 (Eastern Standard Time)
[debug] [2020-12-18T22:45:14.768Z] ----------------------------------------------------------------------
[debug] [2020-12-18T22:45:14.768Z] 
[debug] [2020-12-18T22:45:14.773Z] > command requires scopes: ["email","openid","https://www.googleapis.com/auth/cloudplatformprojects.readonly","https://www.googleapis.com/auth/firebase","https://www.googleapis.com/auth/cloud-platform"]
[debug] [2020-12-18T22:45:14.773Z] > authorizing via signed-in user
[info] 
     ######## #### ########  ######## ########     ###     ######  ########
     ##        ##  ##     ## ##       ##     ##  ##   ##  ##       ##
     ######    ##  ########  ######   ########  #########  ######  ######
     ##        ##  ##    ##  ##       ##     ## ##     ##       ## ##
     ##       #### ##     ## ######## ########  ##     ##  ######  ########

You're about to initialize a Firebase project in this directory:

  C:\dev\pb-final\pb-final

Before we get started, keep in mind:

  * You are currently outside your home directory
  * You are initializing in an existing Firebase project directory

